<?xml version="1.0" encoding="UTF-8"?>
<!-- Generated by org.testng.reporters.JUnitReportReporter -->
<testsuite hostname="Ramadevi" failures="0" tests="117" name="runner1.DsAlgoRunner" time="240.342" errors="7" timestamp="2023-04-15T23:36:40 EDT" skipped="0">
  <testcase classname="runner1.DsAlgoRunner" name="runScenario" time="0.309"/>
  <system-out/>
  <testcase classname="runner1.DsAlgoRunner" name="runScenario" time="2.470"/>
  <system-out/>
  <testcase classname="runner1.DsAlgoRunner" name="runScenario" time="2.354"/>
  <system-out/>
  <testcase classname="runner1.DsAlgoRunner" name="runScenario" time="5.763"/>
  <system-out/>
  <testcase classname="runner1.DsAlgoRunner" name="runScenario" time="6.525"/>
  <system-out/>
  <testcase classname="runner1.DsAlgoRunner" name="runScenario" time="2.455"/>
  <system-out/>
  <testcase classname="runner1.DsAlgoRunner" name="runScenario" time="11.561">
    <error message="element not interactable
  (Session info: chrome=112.0.5615.86)
Build info: version: &#039;4.8.3&#039;, revision: &#039;e5e76298c3&#039;
System info: os.name: &#039;Windows 11&#039;, os.arch: &#039;amd64&#039;, os.version: &#039;10.0&#039;, java.version: &#039;17.0.4.1&#039;
Driver info: org.openqa.selenium.chrome.ChromeDriver
Command: [a5f5081a74723eadf51efa2ed55a7846, sendKeysToElement {id=f779e70b-ae41-42fa-82d5-8b0b5cc01a8f, value=[Ljava.lang.CharSequence;@6ac9742e}]
Capabilities {acceptInsecureCerts: false, browserName: chrome, browserVersion: 112.0.5615.86, chrome: {chromedriverVersion: 112.0.5615.49 (bd2a7bcb881c..., userDataDir: C:\Users\ramas\AppData\Loca...}, goog:chromeOptions: {debuggerAddress: localhost:58192}, networkConnectionEnabled: false, pageLoadStrategy: normal, platformName: WINDOWS, proxy: Proxy(), se:cdp: ws://localhost:58192/devtoo..., se:cdpVersion: 112.0.5615.86, setWindowRect: true, strictFileInteractability: false, timeouts: {implicit: 0, pageLoad: 300000, script: 30000}, unhandledPromptBehavior: dismiss and notify, webauthn:extension:credBlob: true, webauthn:extension:largeBlob: true, webauthn:extension:minPinLength: true, webauthn:extension:prf: true, webauthn:virtualAuthenticators: true}
Element: [[ChromeDriver: chrome on WINDOWS (a5f5081a74723eadf51efa2ed55a7846)] -&gt; xpath: //form/div/div/div/textarea]
Session ID: a5f5081a74723eadf51efa2ed55a7846" type="org.openqa.selenium.ElementNotInteractableException">
      <![CDATA[org.openqa.selenium.ElementNotInteractableException: element not interactable
  (Session info: chrome=112.0.5615.86)
Build info: version: '4.8.3', revision: 'e5e76298c3'
System info: os.name: 'Windows 11', os.arch: 'amd64', os.version: '10.0', java.version: '17.0.4.1'
Driver info: org.openqa.selenium.chrome.ChromeDriver
Command: [a5f5081a74723eadf51efa2ed55a7846, sendKeysToElement {id=f779e70b-ae41-42fa-82d5-8b0b5cc01a8f, value=[Ljava.lang.CharSequence;@6ac9742e}]
Capabilities {acceptInsecureCerts: false, browserName: chrome, browserVersion: 112.0.5615.86, chrome: {chromedriverVersion: 112.0.5615.49 (bd2a7bcb881c..., userDataDir: C:\Users\ramas\AppData\Loca...}, goog:chromeOptions: {debuggerAddress: localhost:58192}, networkConnectionEnabled: false, pageLoadStrategy: normal, platformName: WINDOWS, proxy: Proxy(), se:cdp: ws://localhost:58192/devtoo..., se:cdpVersion: 112.0.5615.86, setWindowRect: true, strictFileInteractability: false, timeouts: {implicit: 0, pageLoad: 300000, script: 30000}, unhandledPromptBehavior: dismiss and notify, webauthn:extension:credBlob: true, webauthn:extension:largeBlob: true, webauthn:extension:minPinLength: true, webauthn:extension:prf: true, webauthn:virtualAuthenticators: true}
Element: [[ChromeDriver: chrome on WINDOWS (a5f5081a74723eadf51efa2ed55a7846)] -> xpath: //form/div/div/div/textarea]
Session ID: a5f5081a74723eadf51efa2ed55a7846
at java.base/jdk.internal.reflect.NativeConstructorAccessorImpl.newInstance0(Native Method)
at java.base/jdk.internal.reflect.NativeConstructorAccessorImpl.newInstance(NativeConstructorAccessorImpl.java:77)
at java.base/jdk.internal.reflect.DelegatingConstructorAccessorImpl.newInstance(DelegatingConstructorAccessorImpl.java:45)
at java.base/java.lang.reflect.Constructor.newInstanceWithCaller(Constructor.java:499)
at java.base/java.lang.reflect.Constructor.newInstance(Constructor.java:480)
at org.openqa.selenium.remote.codec.w3c.W3CHttpResponseCodec.createException(W3CHttpResponseCodec.java:200)
at org.openqa.selenium.remote.codec.w3c.W3CHttpResponseCodec.decode(W3CHttpResponseCodec.java:133)
at org.openqa.selenium.remote.codec.w3c.W3CHttpResponseCodec.decode(W3CHttpResponseCodec.java:53)
at org.openqa.selenium.remote.HttpCommandExecutor.execute(HttpCommandExecutor.java:193)
at org.openqa.selenium.remote.service.DriverCommandExecutor.invokeExecute(DriverCommandExecutor.java:183)
at org.openqa.selenium.remote.service.DriverCommandExecutor.execute(DriverCommandExecutor.java:158)
at org.openqa.selenium.remote.RemoteWebDriver.execute(RemoteWebDriver.java:543)
at org.openqa.selenium.remote.RemoteWebElement.execute(RemoteWebElement.java:257)
at org.openqa.selenium.remote.RemoteWebElement.sendKeys(RemoteWebElement.java:113)
at jdk.internal.reflect.GeneratedMethodAccessor89.invoke(Unknown Source)
at java.base/jdk.internal.reflect.DelegatingMethodAccessorImpl.invoke(DelegatingMethodAccessorImpl.java:43)
at java.base/java.lang.reflect.Method.invoke(Method.java:568)
at org.openqa.selenium.support.pagefactory.internal.LocatingElementHandler.invoke(LocatingElementHandler.java:52)
at jdk.proxy2/jdk.proxy2.$Proxy44.sendKeys(Unknown Source)
at com.pages.DataStructure_Page.InvalidTextBox(DataStructure_Page.java:62)
at stepDefinition.DataStructure_Step.user_is_entering_invalid_python_code(DataStructure_Step.java:103)
at ✽.user is entering Invalid Python code(file:///C:/Rama/new%20SRS%20work%20space/DsAlgo_Final/src/test/resources/FeatureFiles/9_Graph.feature:41)
]]>
    </error>
  </testcase> <!-- runScenario -->
  <system-out/>
  <testcase classname="runner1.DsAlgoRunner" name="runScenario" time="0.241"/>
  <system-out/>
  <testcase classname="runner1.DsAlgoRunner" name="runScenario" time="0.408"/>
  <system-out/>
  <testcase classname="runner1.DsAlgoRunner" name="runScenario" time="11.638"/>
  <system-out/>
  <testcase classname="runner1.DsAlgoRunner" name="runScenario" time="2.425"/>
  <system-out/>
  <testcase classname="runner1.DsAlgoRunner" name="runScenario" time="4.820"/>
  <system-out/>
  <testcase classname="runner1.DsAlgoRunner" name="runScenario" time="0.297"/>
  <system-out/>
  <testcase classname="runner1.DsAlgoRunner" name="runScenario" time="0.171"/>
  <system-out/>
  <testcase classname="runner1.DsAlgoRunner" name="runScenario" time="0.396"/>
  <system-out/>
  <testcase classname="runner1.DsAlgoRunner" name="runScenario" time="14.156">
    <error message="no such element: Unable to locate element: {&quot;method&quot;:&quot;link text&quot;,&quot;selector&quot;:&quot;Sign out&quot;}
  (Session info: chrome=112.0.5615.86)
For documentation on this error, please visit: https://selenium.dev/exceptions/#no_such_element
Build info: version: &#039;4.8.3&#039;, revision: &#039;e5e76298c3&#039;
System info: os.name: &#039;Windows 11&#039;, os.arch: &#039;amd64&#039;, os.version: &#039;10.0&#039;, java.version: &#039;17.0.4.1&#039;
Driver info: org.openqa.selenium.chrome.ChromeDriver
Command: [a5f5081a74723eadf51efa2ed55a7846, findElement {using=link text, value=Sign out}]
Capabilities {acceptInsecureCerts: false, browserName: chrome, browserVersion: 112.0.5615.86, chrome: {chromedriverVersion: 112.0.5615.49 (bd2a7bcb881c..., userDataDir: C:\Users\ramas\AppData\Loca...}, goog:chromeOptions: {debuggerAddress: localhost:58192}, networkConnectionEnabled: false, pageLoadStrategy: normal, platformName: WINDOWS, proxy: Proxy(), se:cdp: ws://localhost:58192/devtoo..., se:cdpVersion: 112.0.5615.86, setWindowRect: true, strictFileInteractability: false, timeouts: {implicit: 0, pageLoad: 300000, script: 30000}, unhandledPromptBehavior: dismiss and notify, webauthn:extension:credBlob: true, webauthn:extension:largeBlob: true, webauthn:extension:minPinLength: true, webauthn:extension:prf: true, webauthn:virtualAuthenticators: true}
Session ID: a5f5081a74723eadf51efa2ed55a7846" type="org.openqa.selenium.NoSuchElementException">
      <![CDATA[org.openqa.selenium.NoSuchElementException: no such element: Unable to locate element: {"method":"link text","selector":"Sign out"}
  (Session info: chrome=112.0.5615.86)
For documentation on this error, please visit: https://selenium.dev/exceptions/#no_such_element
Build info: version: '4.8.3', revision: 'e5e76298c3'
System info: os.name: 'Windows 11', os.arch: 'amd64', os.version: '10.0', java.version: '17.0.4.1'
Driver info: org.openqa.selenium.chrome.ChromeDriver
Command: [a5f5081a74723eadf51efa2ed55a7846, findElement {using=link text, value=Sign out}]
Capabilities {acceptInsecureCerts: false, browserName: chrome, browserVersion: 112.0.5615.86, chrome: {chromedriverVersion: 112.0.5615.49 (bd2a7bcb881c..., userDataDir: C:\Users\ramas\AppData\Loca...}, goog:chromeOptions: {debuggerAddress: localhost:58192}, networkConnectionEnabled: false, pageLoadStrategy: normal, platformName: WINDOWS, proxy: Proxy(), se:cdp: ws://localhost:58192/devtoo..., se:cdpVersion: 112.0.5615.86, setWindowRect: true, strictFileInteractability: false, timeouts: {implicit: 0, pageLoad: 300000, script: 30000}, unhandledPromptBehavior: dismiss and notify, webauthn:extension:credBlob: true, webauthn:extension:largeBlob: true, webauthn:extension:minPinLength: true, webauthn:extension:prf: true, webauthn:virtualAuthenticators: true}
Session ID: a5f5081a74723eadf51efa2ed55a7846
at java.base/jdk.internal.reflect.NativeConstructorAccessorImpl.newInstance0(Native Method)
at java.base/jdk.internal.reflect.NativeConstructorAccessorImpl.newInstance(NativeConstructorAccessorImpl.java:77)
at java.base/jdk.internal.reflect.DelegatingConstructorAccessorImpl.newInstance(DelegatingConstructorAccessorImpl.java:45)
at java.base/java.lang.reflect.Constructor.newInstanceWithCaller(Constructor.java:499)
at java.base/java.lang.reflect.Constructor.newInstance(Constructor.java:480)
at org.openqa.selenium.remote.codec.w3c.W3CHttpResponseCodec.createException(W3CHttpResponseCodec.java:200)
at org.openqa.selenium.remote.codec.w3c.W3CHttpResponseCodec.decode(W3CHttpResponseCodec.java:133)
at org.openqa.selenium.remote.codec.w3c.W3CHttpResponseCodec.decode(W3CHttpResponseCodec.java:53)
at org.openqa.selenium.remote.HttpCommandExecutor.execute(HttpCommandExecutor.java:193)
at org.openqa.selenium.remote.service.DriverCommandExecutor.invokeExecute(DriverCommandExecutor.java:183)
at org.openqa.selenium.remote.service.DriverCommandExecutor.execute(DriverCommandExecutor.java:158)
at org.openqa.selenium.remote.RemoteWebDriver.execute(RemoteWebDriver.java:543)
at org.openqa.selenium.remote.ElementLocation$ElementFinder$2.findElement(ElementLocation.java:162)
at org.openqa.selenium.remote.ElementLocation.findElement(ElementLocation.java:60)
at org.openqa.selenium.remote.RemoteWebDriver.findElement(RemoteWebDriver.java:352)
at org.openqa.selenium.remote.RemoteWebDriver.findElement(RemoteWebDriver.java:344)
at org.openqa.selenium.support.pagefactory.DefaultElementLocator.findElement(DefaultElementLocator.java:70)
at org.openqa.selenium.support.pagefactory.internal.LocatingElementHandler.invoke(LocatingElementHandler.java:39)
at jdk.proxy2/jdk.proxy2.$Proxy44.click(Unknown Source)
at com.pages.Register_Page.signout(Register_Page.java:63)
at stepDefinition.Register_Step.user_will_signout_from_register_page(Register_Step.java:104)
at ✽.user will signout from Register page(file:///C:/Rama/new%20SRS%20work%20space/DsAlgo_Final/src/test/resources/FeatureFiles/1_registernewuser.feature:54)
]]>
    </error>
  </testcase> <!-- runScenario -->
  <system-out/>
  <testcase classname="runner1.DsAlgoRunner" name="runScenario" time="0.426"/>
  <system-out/>
  <testcase classname="runner1.DsAlgoRunner" name="runScenario" time="0.385"/>
  <system-out/>
  <testcase classname="runner1.DsAlgoRunner" name="runScenario" time="2.443"/>
  <system-out/>
  <testcase classname="runner1.DsAlgoRunner" name="runScenario" time="2.432"/>
  <system-out/>
  <testcase classname="runner1.DsAlgoRunner" name="runScenario" time="0.249"/>
  <system-out/>
  <testcase classname="runner1.DsAlgoRunner" name="runScenario" time="0.396"/>
  <system-out/>
  <testcase classname="runner1.DsAlgoRunner" name="runScenario" time="2.509"/>
  <system-out/>
  <testcase classname="runner1.DsAlgoRunner" name="runScenario" time="0.415"/>
  <system-out/>
  <testcase classname="runner1.DsAlgoRunner" name="runScenario" time="0.312"/>
  <system-out/>
  <testcase classname="runner1.DsAlgoRunner" name="runScenario" time="0.277"/>
  <system-out/>
  <testcase classname="runner1.DsAlgoRunner" name="runScenario" time="0.372"/>
  <system-out/>
  <testcase classname="runner1.DsAlgoRunner" name="runScenario" time="0.381"/>
  <system-out/>
  <testcase classname="runner1.DsAlgoRunner" name="runScenario" time="6.404"/>
  <system-out/>
  <testcase classname="runner1.DsAlgoRunner" name="runScenario" time="0.418"/>
  <system-out/>
  <testcase classname="runner1.DsAlgoRunner" name="runScenario" time="2.466"/>
  <system-out/>
  <testcase classname="runner1.DsAlgoRunner" name="runScenario" time="0.690"/>
  <system-out/>
  <testcase classname="runner1.DsAlgoRunner" name="runScenario" time="2.431"/>
  <system-out/>
  <testcase classname="runner1.DsAlgoRunner" name="runScenario" time="0.367"/>
  <system-out/>
  <testcase classname="runner1.DsAlgoRunner" name="runScenario" time="0.264"/>
  <system-out/>
  <testcase classname="runner1.DsAlgoRunner" name="runScenario" time="2.431"/>
  <system-out/>
  <testcase classname="runner1.DsAlgoRunner" name="runScenario" time="0.175"/>
  <system-out/>
  <testcase classname="runner1.DsAlgoRunner" name="runScenario" time="2.464"/>
  <system-out/>
  <testcase classname="runner1.DsAlgoRunner" name="runScenario" time="10.225">
    <error message="no such element: Unable to locate element: {&quot;method&quot;:&quot;xpath&quot;,&quot;selector&quot;:&quot;//a[@href=&#039;/tryEditor&#039;]&quot;}
  (Session info: chrome=112.0.5615.86)
For documentation on this error, please visit: https://selenium.dev/exceptions/#no_such_element
Build info: version: &#039;4.8.3&#039;, revision: &#039;e5e76298c3&#039;
System info: os.name: &#039;Windows 11&#039;, os.arch: &#039;amd64&#039;, os.version: &#039;10.0&#039;, java.version: &#039;17.0.4.1&#039;
Driver info: org.openqa.selenium.chrome.ChromeDriver
Command: [a5f5081a74723eadf51efa2ed55a7846, findElement {using=xpath, value=//a[@href=&#039;/tryEditor&#039;]}]
Capabilities {acceptInsecureCerts: false, browserName: chrome, browserVersion: 112.0.5615.86, chrome: {chromedriverVersion: 112.0.5615.49 (bd2a7bcb881c..., userDataDir: C:\Users\ramas\AppData\Loca...}, goog:chromeOptions: {debuggerAddress: localhost:58192}, networkConnectionEnabled: false, pageLoadStrategy: normal, platformName: WINDOWS, proxy: Proxy(), se:cdp: ws://localhost:58192/devtoo..., se:cdpVersion: 112.0.5615.86, setWindowRect: true, strictFileInteractability: false, timeouts: {implicit: 0, pageLoad: 300000, script: 30000}, unhandledPromptBehavior: dismiss and notify, webauthn:extension:credBlob: true, webauthn:extension:largeBlob: true, webauthn:extension:minPinLength: true, webauthn:extension:prf: true, webauthn:virtualAuthenticators: true}
Session ID: a5f5081a74723eadf51efa2ed55a7846" type="org.openqa.selenium.NoSuchElementException">
      <![CDATA[org.openqa.selenium.NoSuchElementException: no such element: Unable to locate element: {"method":"xpath","selector":"//a[@href='/tryEditor']"}
  (Session info: chrome=112.0.5615.86)
For documentation on this error, please visit: https://selenium.dev/exceptions/#no_such_element
Build info: version: '4.8.3', revision: 'e5e76298c3'
System info: os.name: 'Windows 11', os.arch: 'amd64', os.version: '10.0', java.version: '17.0.4.1'
Driver info: org.openqa.selenium.chrome.ChromeDriver
Command: [a5f5081a74723eadf51efa2ed55a7846, findElement {using=xpath, value=//a[@href='/tryEditor']}]
Capabilities {acceptInsecureCerts: false, browserName: chrome, browserVersion: 112.0.5615.86, chrome: {chromedriverVersion: 112.0.5615.49 (bd2a7bcb881c..., userDataDir: C:\Users\ramas\AppData\Loca...}, goog:chromeOptions: {debuggerAddress: localhost:58192}, networkConnectionEnabled: false, pageLoadStrategy: normal, platformName: WINDOWS, proxy: Proxy(), se:cdp: ws://localhost:58192/devtoo..., se:cdpVersion: 112.0.5615.86, setWindowRect: true, strictFileInteractability: false, timeouts: {implicit: 0, pageLoad: 300000, script: 30000}, unhandledPromptBehavior: dismiss and notify, webauthn:extension:credBlob: true, webauthn:extension:largeBlob: true, webauthn:extension:minPinLength: true, webauthn:extension:prf: true, webauthn:virtualAuthenticators: true}
Session ID: a5f5081a74723eadf51efa2ed55a7846
at java.base/jdk.internal.reflect.NativeConstructorAccessorImpl.newInstance0(Native Method)
at java.base/jdk.internal.reflect.NativeConstructorAccessorImpl.newInstance(NativeConstructorAccessorImpl.java:77)
at java.base/jdk.internal.reflect.DelegatingConstructorAccessorImpl.newInstance(DelegatingConstructorAccessorImpl.java:45)
at java.base/java.lang.reflect.Constructor.newInstanceWithCaller(Constructor.java:499)
at java.base/java.lang.reflect.Constructor.newInstance(Constructor.java:480)
at org.openqa.selenium.remote.codec.w3c.W3CHttpResponseCodec.createException(W3CHttpResponseCodec.java:200)
at org.openqa.selenium.remote.codec.w3c.W3CHttpResponseCodec.decode(W3CHttpResponseCodec.java:133)
at org.openqa.selenium.remote.codec.w3c.W3CHttpResponseCodec.decode(W3CHttpResponseCodec.java:53)
at org.openqa.selenium.remote.HttpCommandExecutor.execute(HttpCommandExecutor.java:193)
at org.openqa.selenium.remote.service.DriverCommandExecutor.invokeExecute(DriverCommandExecutor.java:183)
at org.openqa.selenium.remote.service.DriverCommandExecutor.execute(DriverCommandExecutor.java:158)
at org.openqa.selenium.remote.RemoteWebDriver.execute(RemoteWebDriver.java:543)
at org.openqa.selenium.remote.ElementLocation$ElementFinder$2.findElement(ElementLocation.java:162)
at org.openqa.selenium.remote.ElementLocation.findElement(ElementLocation.java:60)
at org.openqa.selenium.remote.RemoteWebDriver.findElement(RemoteWebDriver.java:352)
at org.openqa.selenium.remote.RemoteWebDriver.findElement(RemoteWebDriver.java:344)
at org.openqa.selenium.support.pagefactory.DefaultElementLocator.findElement(DefaultElementLocator.java:70)
at org.openqa.selenium.support.pagefactory.internal.LocatingElementHandler.invoke(LocatingElementHandler.java:39)
at jdk.proxy2/jdk.proxy2.$Proxy44.click(Unknown Source)
at com.pages.DataStructure_Page.DSTryHere(DataStructure_Page.java:54)
at stepDefinition.DataStructure_Step.user_clicks_on_try_here_button(DataStructure_Step.java:67)
at ✽.user clicks on TryHere button(file:///C:/Rama/new%20SRS%20work%20space/DsAlgo_Final/src/test/resources/FeatureFiles/9_Graph.feature:54)
]]>
    </error>
  </testcase> <!-- runScenario -->
  <system-out/>
  <testcase classname="runner1.DsAlgoRunner" name="runScenario" time="0.279"/>
  <system-out/>
  <testcase classname="runner1.DsAlgoRunner" name="runScenario" time="0.343"/>
  <system-out/>
  <testcase classname="runner1.DsAlgoRunner" name="runScenario" time="0.428"/>
  <system-out/>
  <testcase classname="runner1.DsAlgoRunner" name="runScenario" time="0.302"/>
  <system-out/>
  <testcase classname="runner1.DsAlgoRunner" name="runScenario" time="2.449"/>
  <system-out/>
  <testcase classname="runner1.DsAlgoRunner" name="runScenario" time="0.176"/>
  <system-out/>
  <testcase classname="runner1.DsAlgoRunner" name="runScenario" time="6.329"/>
  <system-out/>
  <testcase classname="runner1.DsAlgoRunner" name="runScenario" time="4.961"/>
  <system-out/>
  <testcase classname="runner1.DsAlgoRunner" name="runScenario" time="5.057"/>
  <system-out/>
  <testcase classname="runner1.DsAlgoRunner" name="runScenario" time="0.249"/>
  <system-out/>
  <testcase classname="runner1.DsAlgoRunner" name="runScenario" time="0.440"/>
  <system-out/>
  <testcase classname="runner1.DsAlgoRunner" name="runScenario" time="0.275"/>
  <system-out/>
  <testcase classname="runner1.DsAlgoRunner" name="runScenario" time="0.429"/>
  <system-out/>
  <testcase classname="runner1.DsAlgoRunner" name="runScenario" time="0.426"/>
  <system-out/>
  <testcase classname="runner1.DsAlgoRunner" name="runScenario" time="0.338"/>
  <system-out/>
  <testcase classname="runner1.DsAlgoRunner" name="runScenario" time="2.474"/>
  <system-out/>
  <testcase classname="runner1.DsAlgoRunner" name="runScenario" time="0.271"/>
  <system-out/>
  <testcase classname="runner1.DsAlgoRunner" name="runScenario" time="2.454"/>
  <system-out/>
  <testcase classname="runner1.DsAlgoRunner" name="runScenario" time="0.809"/>
  <system-out/>
  <testcase classname="runner1.DsAlgoRunner" name="runScenario" time="0.216"/>
  <system-out/>
  <testcase classname="runner1.DsAlgoRunner" name="runScenario" time="10.196">
    <error message="no such element: Unable to locate element: {&quot;method&quot;:&quot;xpath&quot;,&quot;selector&quot;:&quot;//a[@href=&#039;/graph/graph-representations/&#039;]&quot;}
  (Session info: chrome=112.0.5615.86)
For documentation on this error, please visit: https://selenium.dev/exceptions/#no_such_element
Build info: version: &#039;4.8.3&#039;, revision: &#039;e5e76298c3&#039;
System info: os.name: &#039;Windows 11&#039;, os.arch: &#039;amd64&#039;, os.version: &#039;10.0&#039;, java.version: &#039;17.0.4.1&#039;
Driver info: org.openqa.selenium.chrome.ChromeDriver
Command: [a5f5081a74723eadf51efa2ed55a7846, findElement {using=xpath, value=//a[@href=&#039;/graph/graph-representations/&#039;]}]
Capabilities {acceptInsecureCerts: false, browserName: chrome, browserVersion: 112.0.5615.86, chrome: {chromedriverVersion: 112.0.5615.49 (bd2a7bcb881c..., userDataDir: C:\Users\ramas\AppData\Loca...}, goog:chromeOptions: {debuggerAddress: localhost:58192}, networkConnectionEnabled: false, pageLoadStrategy: normal, platformName: WINDOWS, proxy: Proxy(), se:cdp: ws://localhost:58192/devtoo..., se:cdpVersion: 112.0.5615.86, setWindowRect: true, strictFileInteractability: false, timeouts: {implicit: 0, pageLoad: 300000, script: 30000}, unhandledPromptBehavior: dismiss and notify, webauthn:extension:credBlob: true, webauthn:extension:largeBlob: true, webauthn:extension:minPinLength: true, webauthn:extension:prf: true, webauthn:virtualAuthenticators: true}
Session ID: a5f5081a74723eadf51efa2ed55a7846" type="org.openqa.selenium.NoSuchElementException">
      <![CDATA[org.openqa.selenium.NoSuchElementException: no such element: Unable to locate element: {"method":"xpath","selector":"//a[@href='/graph/graph-representations/']"}
  (Session info: chrome=112.0.5615.86)
For documentation on this error, please visit: https://selenium.dev/exceptions/#no_such_element
Build info: version: '4.8.3', revision: 'e5e76298c3'
System info: os.name: 'Windows 11', os.arch: 'amd64', os.version: '10.0', java.version: '17.0.4.1'
Driver info: org.openqa.selenium.chrome.ChromeDriver
Command: [a5f5081a74723eadf51efa2ed55a7846, findElement {using=xpath, value=//a[@href='/graph/graph-representations/']}]
Capabilities {acceptInsecureCerts: false, browserName: chrome, browserVersion: 112.0.5615.86, chrome: {chromedriverVersion: 112.0.5615.49 (bd2a7bcb881c..., userDataDir: C:\Users\ramas\AppData\Loca...}, goog:chromeOptions: {debuggerAddress: localhost:58192}, networkConnectionEnabled: false, pageLoadStrategy: normal, platformName: WINDOWS, proxy: Proxy(), se:cdp: ws://localhost:58192/devtoo..., se:cdpVersion: 112.0.5615.86, setWindowRect: true, strictFileInteractability: false, timeouts: {implicit: 0, pageLoad: 300000, script: 30000}, unhandledPromptBehavior: dismiss and notify, webauthn:extension:credBlob: true, webauthn:extension:largeBlob: true, webauthn:extension:minPinLength: true, webauthn:extension:prf: true, webauthn:virtualAuthenticators: true}
Session ID: a5f5081a74723eadf51efa2ed55a7846
at java.base/jdk.internal.reflect.NativeConstructorAccessorImpl.newInstance0(Native Method)
at java.base/jdk.internal.reflect.NativeConstructorAccessorImpl.newInstance(NativeConstructorAccessorImpl.java:77)
at java.base/jdk.internal.reflect.DelegatingConstructorAccessorImpl.newInstance(DelegatingConstructorAccessorImpl.java:45)
at java.base/java.lang.reflect.Constructor.newInstanceWithCaller(Constructor.java:499)
at java.base/java.lang.reflect.Constructor.newInstance(Constructor.java:480)
at org.openqa.selenium.remote.codec.w3c.W3CHttpResponseCodec.createException(W3CHttpResponseCodec.java:200)
at org.openqa.selenium.remote.codec.w3c.W3CHttpResponseCodec.decode(W3CHttpResponseCodec.java:133)
at org.openqa.selenium.remote.codec.w3c.W3CHttpResponseCodec.decode(W3CHttpResponseCodec.java:53)
at org.openqa.selenium.remote.HttpCommandExecutor.execute(HttpCommandExecutor.java:193)
at org.openqa.selenium.remote.service.DriverCommandExecutor.invokeExecute(DriverCommandExecutor.java:183)
at org.openqa.selenium.remote.service.DriverCommandExecutor.execute(DriverCommandExecutor.java:158)
at org.openqa.selenium.remote.RemoteWebDriver.execute(RemoteWebDriver.java:543)
at org.openqa.selenium.remote.ElementLocation$ElementFinder$2.findElement(ElementLocation.java:162)
at org.openqa.selenium.remote.ElementLocation.findElement(ElementLocation.java:60)
at org.openqa.selenium.remote.RemoteWebDriver.findElement(RemoteWebDriver.java:352)
at org.openqa.selenium.remote.RemoteWebDriver.findElement(RemoteWebDriver.java:344)
at org.openqa.selenium.support.pagefactory.DefaultElementLocator.findElement(DefaultElementLocator.java:70)
at org.openqa.selenium.support.pagefactory.internal.LocatingElementHandler.invoke(LocatingElementHandler.java:39)
at jdk.proxy2/jdk.proxy2.$Proxy44.click(Unknown Source)
at com.pages.Graph_Page.representations(Graph_Page.java:27)
at stepDefinition.Graph_Step.user_clicks_on_representation_in_graph_button(Graph_Step.java:42)
at ✽.User clicks on representation in graph button(file:///C:/Rama/new%20SRS%20work%20space/DsAlgo_Final/src/test/resources/FeatureFiles/9_Graph.feature:49)
]]>
    </error>
  </testcase> <!-- runScenario -->
  <system-out/>
  <testcase classname="runner1.DsAlgoRunner" name="runScenario" time="0.447"/>
  <system-out/>
  <testcase classname="runner1.DsAlgoRunner" name="runScenario" time="2.471"/>
  <system-out/>
  <testcase classname="runner1.DsAlgoRunner" name="runScenario" time="0.203"/>
  <system-out/>
  <testcase classname="runner1.DsAlgoRunner" name="runScenario" time="6.366"/>
  <system-out/>
  <testcase classname="runner1.DsAlgoRunner" name="runScenario" time="10.217">
    <error message="no such element: Unable to locate element: {&quot;method&quot;:&quot;link text&quot;,&quot;selector&quot;:&quot;Implementation of Binary Trees&quot;}
  (Session info: chrome=112.0.5615.86)
For documentation on this error, please visit: https://selenium.dev/exceptions/#no_such_element
Build info: version: &#039;4.8.3&#039;, revision: &#039;e5e76298c3&#039;
System info: os.name: &#039;Windows 11&#039;, os.arch: &#039;amd64&#039;, os.version: &#039;10.0&#039;, java.version: &#039;17.0.4.1&#039;
Driver info: org.openqa.selenium.chrome.ChromeDriver
Command: [a5f5081a74723eadf51efa2ed55a7846, findElement {using=link text, value=Implementation of Binary Trees}]
Capabilities {acceptInsecureCerts: false, browserName: chrome, browserVersion: 112.0.5615.86, chrome: {chromedriverVersion: 112.0.5615.49 (bd2a7bcb881c..., userDataDir: C:\Users\ramas\AppData\Loca...}, goog:chromeOptions: {debuggerAddress: localhost:58192}, networkConnectionEnabled: false, pageLoadStrategy: normal, platformName: WINDOWS, proxy: Proxy(), se:cdp: ws://localhost:58192/devtoo..., se:cdpVersion: 112.0.5615.86, setWindowRect: true, strictFileInteractability: false, timeouts: {implicit: 0, pageLoad: 300000, script: 30000}, unhandledPromptBehavior: dismiss and notify, webauthn:extension:credBlob: true, webauthn:extension:largeBlob: true, webauthn:extension:minPinLength: true, webauthn:extension:prf: true, webauthn:virtualAuthenticators: true}
Session ID: a5f5081a74723eadf51efa2ed55a7846" type="org.openqa.selenium.NoSuchElementException">
      <![CDATA[org.openqa.selenium.NoSuchElementException: no such element: Unable to locate element: {"method":"link text","selector":"Implementation of Binary Trees"}
  (Session info: chrome=112.0.5615.86)
For documentation on this error, please visit: https://selenium.dev/exceptions/#no_such_element
Build info: version: '4.8.3', revision: 'e5e76298c3'
System info: os.name: 'Windows 11', os.arch: 'amd64', os.version: '10.0', java.version: '17.0.4.1'
Driver info: org.openqa.selenium.chrome.ChromeDriver
Command: [a5f5081a74723eadf51efa2ed55a7846, findElement {using=link text, value=Implementation of Binary Trees}]
Capabilities {acceptInsecureCerts: false, browserName: chrome, browserVersion: 112.0.5615.86, chrome: {chromedriverVersion: 112.0.5615.49 (bd2a7bcb881c..., userDataDir: C:\Users\ramas\AppData\Loca...}, goog:chromeOptions: {debuggerAddress: localhost:58192}, networkConnectionEnabled: false, pageLoadStrategy: normal, platformName: WINDOWS, proxy: Proxy(), se:cdp: ws://localhost:58192/devtoo..., se:cdpVersion: 112.0.5615.86, setWindowRect: true, strictFileInteractability: false, timeouts: {implicit: 0, pageLoad: 300000, script: 30000}, unhandledPromptBehavior: dismiss and notify, webauthn:extension:credBlob: true, webauthn:extension:largeBlob: true, webauthn:extension:minPinLength: true, webauthn:extension:prf: true, webauthn:virtualAuthenticators: true}
Session ID: a5f5081a74723eadf51efa2ed55a7846
at java.base/jdk.internal.reflect.NativeConstructorAccessorImpl.newInstance0(Native Method)
at java.base/jdk.internal.reflect.NativeConstructorAccessorImpl.newInstance(NativeConstructorAccessorImpl.java:77)
at java.base/jdk.internal.reflect.DelegatingConstructorAccessorImpl.newInstance(DelegatingConstructorAccessorImpl.java:45)
at java.base/java.lang.reflect.Constructor.newInstanceWithCaller(Constructor.java:499)
at java.base/java.lang.reflect.Constructor.newInstance(Constructor.java:480)
at org.openqa.selenium.remote.codec.w3c.W3CHttpResponseCodec.createException(W3CHttpResponseCodec.java:200)
at org.openqa.selenium.remote.codec.w3c.W3CHttpResponseCodec.decode(W3CHttpResponseCodec.java:133)
at org.openqa.selenium.remote.codec.w3c.W3CHttpResponseCodec.decode(W3CHttpResponseCodec.java:53)
at org.openqa.selenium.remote.HttpCommandExecutor.execute(HttpCommandExecutor.java:193)
at org.openqa.selenium.remote.service.DriverCommandExecutor.invokeExecute(DriverCommandExecutor.java:183)
at org.openqa.selenium.remote.service.DriverCommandExecutor.execute(DriverCommandExecutor.java:158)
at org.openqa.selenium.remote.RemoteWebDriver.execute(RemoteWebDriver.java:543)
at org.openqa.selenium.remote.ElementLocation$ElementFinder$2.findElement(ElementLocation.java:162)
at org.openqa.selenium.remote.ElementLocation.findElement(ElementLocation.java:60)
at org.openqa.selenium.remote.RemoteWebDriver.findElement(RemoteWebDriver.java:352)
at org.openqa.selenium.remote.RemoteWebDriver.findElement(RemoteWebDriver.java:344)
at org.openqa.selenium.support.pagefactory.DefaultElementLocator.findElement(DefaultElementLocator.java:70)
at org.openqa.selenium.support.pagefactory.internal.LocatingElementHandler.invoke(LocatingElementHandler.java:39)
at jdk.proxy2/jdk.proxy2.$Proxy44.click(Unknown Source)
at com.pages.Tree_Page.ImplementationofBinaryTrees(Tree_Page.java:148)
at stepDefinition.Tree_Step.user_clicks_on_implimentation_of_binary_trees(Tree_Step.java:218)
at ✽.user clicks on Implimentation of Binary Trees(file:///C:/Rama/new%20SRS%20work%20space/DsAlgo_Final/src/test/resources/FeatureFiles/8_Tree.feature:277)
]]>
    </error>
  </testcase> <!-- runScenario -->
  <system-out/>
  <testcase classname="runner1.DsAlgoRunner" name="runScenario" time="0.442"/>
  <system-out/>
  <testcase classname="runner1.DsAlgoRunner" name="runScenario" time="0.320"/>
  <system-out/>
  <testcase classname="runner1.DsAlgoRunner" name="runScenario" time="0.268"/>
  <system-out/>
  <testcase classname="runner1.DsAlgoRunner" name="runScenario" time="0.384"/>
  <system-out/>
  <testcase classname="runner1.DsAlgoRunner" name="runScenario" time="0.423"/>
  <system-out/>
  <testcase classname="runner1.DsAlgoRunner" name="runScenario" time="0.179"/>
  <system-out/>
  <testcase classname="runner1.DsAlgoRunner" name="runScenario" time="2.438"/>
  <system-out/>
  <testcase classname="runner1.DsAlgoRunner" name="runScenario" time="0.205"/>
  <system-out/>
  <testcase classname="runner1.DsAlgoRunner" name="runScenario" time="0.424"/>
  <system-out/>
  <testcase classname="runner1.DsAlgoRunner" name="runScenario" time="0.388"/>
  <system-out/>
  <testcase classname="runner1.DsAlgoRunner" name="runScenario" time="0.312"/>
  <system-out/>
  <testcase classname="runner1.DsAlgoRunner" name="runScenario" time="0.472"/>
  <system-out/>
  <testcase classname="runner1.DsAlgoRunner" name="runScenario" time="0.429"/>
  <system-out/>
  <testcase classname="runner1.DsAlgoRunner" name="runScenario" time="2.456"/>
  <system-out/>
  <testcase classname="runner1.DsAlgoRunner" name="runScenario" time="2.463"/>
  <system-out/>
  <testcase classname="runner1.DsAlgoRunner" name="runScenario" time="0.262"/>
  <system-out/>
  <testcase classname="runner1.DsAlgoRunner" name="runScenario" time="0.190"/>
  <system-out/>
  <testcase classname="runner1.DsAlgoRunner" name="runScenario" time="0.176"/>
  <system-out/>
  <testcase classname="runner1.DsAlgoRunner" name="runScenario" time="0.433"/>
  <system-out/>
  <testcase classname="runner1.DsAlgoRunner" name="runScenario" time="0.399"/>
  <system-out/>
  <testcase classname="runner1.DsAlgoRunner" name="runScenario" time="0.195"/>
  <system-out/>
  <testcase classname="runner1.DsAlgoRunner" name="runScenario" time="2.415"/>
  <system-out/>
  <testcase classname="runner1.DsAlgoRunner" name="runScenario" time="0.393"/>
  <system-out/>
  <testcase classname="runner1.DsAlgoRunner" name="runScenario" time="0.349"/>
  <system-out/>
  <testcase classname="runner1.DsAlgoRunner" name="runScenario" time="11.555">
    <error message="element not interactable
  (Session info: chrome=112.0.5615.86)
Build info: version: &#039;4.8.3&#039;, revision: &#039;e5e76298c3&#039;
System info: os.name: &#039;Windows 11&#039;, os.arch: &#039;amd64&#039;, os.version: &#039;10.0&#039;, java.version: &#039;17.0.4.1&#039;
Driver info: org.openqa.selenium.chrome.ChromeDriver
Command: [a5f5081a74723eadf51efa2ed55a7846, sendKeysToElement {id=411659c2-cf87-479a-8561-2475404756fe, value=[Ljava.lang.CharSequence;@7aac6d13}]
Capabilities {acceptInsecureCerts: false, browserName: chrome, browserVersion: 112.0.5615.86, chrome: {chromedriverVersion: 112.0.5615.49 (bd2a7bcb881c..., userDataDir: C:\Users\ramas\AppData\Loca...}, goog:chromeOptions: {debuggerAddress: localhost:58192}, networkConnectionEnabled: false, pageLoadStrategy: normal, platformName: WINDOWS, proxy: Proxy(), se:cdp: ws://localhost:58192/devtoo..., se:cdpVersion: 112.0.5615.86, setWindowRect: true, strictFileInteractability: false, timeouts: {implicit: 0, pageLoad: 300000, script: 30000}, unhandledPromptBehavior: dismiss and notify, webauthn:extension:credBlob: true, webauthn:extension:largeBlob: true, webauthn:extension:minPinLength: true, webauthn:extension:prf: true, webauthn:virtualAuthenticators: true}
Element: [[ChromeDriver: chrome on WINDOWS (a5f5081a74723eadf51efa2ed55a7846)] -&gt; xpath: //form/div/div/div/textarea]
Session ID: a5f5081a74723eadf51efa2ed55a7846" type="org.openqa.selenium.ElementNotInteractableException">
      <![CDATA[org.openqa.selenium.ElementNotInteractableException: element not interactable
  (Session info: chrome=112.0.5615.86)
Build info: version: '4.8.3', revision: 'e5e76298c3'
System info: os.name: 'Windows 11', os.arch: 'amd64', os.version: '10.0', java.version: '17.0.4.1'
Driver info: org.openqa.selenium.chrome.ChromeDriver
Command: [a5f5081a74723eadf51efa2ed55a7846, sendKeysToElement {id=411659c2-cf87-479a-8561-2475404756fe, value=[Ljava.lang.CharSequence;@7aac6d13}]
Capabilities {acceptInsecureCerts: false, browserName: chrome, browserVersion: 112.0.5615.86, chrome: {chromedriverVersion: 112.0.5615.49 (bd2a7bcb881c..., userDataDir: C:\Users\ramas\AppData\Loca...}, goog:chromeOptions: {debuggerAddress: localhost:58192}, networkConnectionEnabled: false, pageLoadStrategy: normal, platformName: WINDOWS, proxy: Proxy(), se:cdp: ws://localhost:58192/devtoo..., se:cdpVersion: 112.0.5615.86, setWindowRect: true, strictFileInteractability: false, timeouts: {implicit: 0, pageLoad: 300000, script: 30000}, unhandledPromptBehavior: dismiss and notify, webauthn:extension:credBlob: true, webauthn:extension:largeBlob: true, webauthn:extension:minPinLength: true, webauthn:extension:prf: true, webauthn:virtualAuthenticators: true}
Element: [[ChromeDriver: chrome on WINDOWS (a5f5081a74723eadf51efa2ed55a7846)] -> xpath: //form/div/div/div/textarea]
Session ID: a5f5081a74723eadf51efa2ed55a7846
at java.base/jdk.internal.reflect.NativeConstructorAccessorImpl.newInstance0(Native Method)
at java.base/jdk.internal.reflect.NativeConstructorAccessorImpl.newInstance(NativeConstructorAccessorImpl.java:77)
at java.base/jdk.internal.reflect.DelegatingConstructorAccessorImpl.newInstance(DelegatingConstructorAccessorImpl.java:45)
at java.base/java.lang.reflect.Constructor.newInstanceWithCaller(Constructor.java:499)
at java.base/java.lang.reflect.Constructor.newInstance(Constructor.java:480)
at org.openqa.selenium.remote.codec.w3c.W3CHttpResponseCodec.createException(W3CHttpResponseCodec.java:200)
at org.openqa.selenium.remote.codec.w3c.W3CHttpResponseCodec.decode(W3CHttpResponseCodec.java:133)
at org.openqa.selenium.remote.codec.w3c.W3CHttpResponseCodec.decode(W3CHttpResponseCodec.java:53)
at org.openqa.selenium.remote.HttpCommandExecutor.execute(HttpCommandExecutor.java:193)
at org.openqa.selenium.remote.service.DriverCommandExecutor.invokeExecute(DriverCommandExecutor.java:183)
at org.openqa.selenium.remote.service.DriverCommandExecutor.execute(DriverCommandExecutor.java:158)
at org.openqa.selenium.remote.RemoteWebDriver.execute(RemoteWebDriver.java:543)
at org.openqa.selenium.remote.RemoteWebElement.execute(RemoteWebElement.java:257)
at org.openqa.selenium.remote.RemoteWebElement.sendKeys(RemoteWebElement.java:113)
at jdk.internal.reflect.GeneratedMethodAccessor89.invoke(Unknown Source)
at java.base/jdk.internal.reflect.DelegatingMethodAccessorImpl.invoke(DelegatingMethodAccessorImpl.java:43)
at java.base/java.lang.reflect.Method.invoke(Method.java:568)
at org.openqa.selenium.support.pagefactory.internal.LocatingElementHandler.invoke(LocatingElementHandler.java:52)
at jdk.proxy2/jdk.proxy2.$Proxy44.sendKeys(Unknown Source)
at com.pages.DataStructure_Page.InvalidTextBox(DataStructure_Page.java:62)
at stepDefinition.DataStructure_Step.user_is_entering_invalid_python_code(DataStructure_Step.java:103)
at ✽.user is entering Invalid Python code(file:///C:/Rama/new%20SRS%20work%20space/DsAlgo_Final/src/test/resources/FeatureFiles/8_Tree.feature:266)
]]>
    </error>
  </testcase> <!-- runScenario -->
  <system-out/>
  <testcase classname="runner1.DsAlgoRunner" name="runScenario" time="0.182"/>
  <system-out/>
  <testcase classname="runner1.DsAlgoRunner" name="runScenario" time="2.496"/>
  <system-out/>
  <testcase classname="runner1.DsAlgoRunner" name="runScenario" time="2.483"/>
  <system-out/>
  <testcase classname="runner1.DsAlgoRunner" name="runScenario" time="0.397"/>
  <system-out/>
  <testcase classname="runner1.DsAlgoRunner" name="runScenario" time="2.444"/>
  <system-out/>
  <testcase classname="runner1.DsAlgoRunner" name="runScenario" time="5.108"/>
  <system-out/>
  <testcase classname="runner1.DsAlgoRunner" name="runScenario" time="2.439"/>
  <system-out/>
  <testcase classname="runner1.DsAlgoRunner" name="runScenario" time="2.464"/>
  <system-out/>
  <testcase classname="runner1.DsAlgoRunner" name="runScenario" time="2.447"/>
  <system-out/>
  <testcase classname="runner1.DsAlgoRunner" name="runScenario" time="0.385"/>
  <system-out/>
  <testcase classname="runner1.DsAlgoRunner" name="runScenario" time="6.357"/>
  <system-out/>
  <testcase classname="runner1.DsAlgoRunner" name="runScenario" time="0.400"/>
  <system-out/>
  <testcase classname="runner1.DsAlgoRunner" name="runScenario" time="0.363"/>
  <system-out/>
  <testcase classname="runner1.DsAlgoRunner" name="runScenario" time="0.339"/>
  <system-out/>
  <testcase classname="runner1.DsAlgoRunner" name="runScenario" time="2.416"/>
  <system-out/>
  <testcase classname="runner1.DsAlgoRunner" name="runScenario" time="0.395"/>
  <system-out/>
  <testcase classname="runner1.DsAlgoRunner" name="runScenario" time="0.391"/>
  <system-out/>
  <testcase classname="runner1.DsAlgoRunner" name="runScenario" time="0.400"/>
  <system-out/>
  <testcase classname="runner1.DsAlgoRunner" name="runScenario" time="0.183"/>
  <system-out/>
  <testcase classname="runner1.DsAlgoRunner" name="runScenario" time="0.416"/>
  <system-out/>
  <testcase classname="runner1.DsAlgoRunner" name="runScenario" time="2.453"/>
  <system-out/>
  <testcase classname="runner1.DsAlgoRunner" name="runScenario" time="10.243">
    <error message="no such element: Unable to locate element: {&quot;method&quot;:&quot;xpath&quot;,&quot;selector&quot;:&quot;//a[@href=&#039;/tryEditor&#039;]&quot;}
  (Session info: chrome=112.0.5615.86)
For documentation on this error, please visit: https://selenium.dev/exceptions/#no_such_element
Build info: version: &#039;4.8.3&#039;, revision: &#039;e5e76298c3&#039;
System info: os.name: &#039;Windows 11&#039;, os.arch: &#039;amd64&#039;, os.version: &#039;10.0&#039;, java.version: &#039;17.0.4.1&#039;
Driver info: org.openqa.selenium.chrome.ChromeDriver
Command: [a5f5081a74723eadf51efa2ed55a7846, findElement {using=xpath, value=//a[@href=&#039;/tryEditor&#039;]}]
Capabilities {acceptInsecureCerts: false, browserName: chrome, browserVersion: 112.0.5615.86, chrome: {chromedriverVersion: 112.0.5615.49 (bd2a7bcb881c..., userDataDir: C:\Users\ramas\AppData\Loca...}, goog:chromeOptions: {debuggerAddress: localhost:58192}, networkConnectionEnabled: false, pageLoadStrategy: normal, platformName: WINDOWS, proxy: Proxy(), se:cdp: ws://localhost:58192/devtoo..., se:cdpVersion: 112.0.5615.86, setWindowRect: true, strictFileInteractability: false, timeouts: {implicit: 0, pageLoad: 300000, script: 30000}, unhandledPromptBehavior: dismiss and notify, webauthn:extension:credBlob: true, webauthn:extension:largeBlob: true, webauthn:extension:minPinLength: true, webauthn:extension:prf: true, webauthn:virtualAuthenticators: true}
Session ID: a5f5081a74723eadf51efa2ed55a7846" type="org.openqa.selenium.NoSuchElementException">
      <![CDATA[org.openqa.selenium.NoSuchElementException: no such element: Unable to locate element: {"method":"xpath","selector":"//a[@href='/tryEditor']"}
  (Session info: chrome=112.0.5615.86)
For documentation on this error, please visit: https://selenium.dev/exceptions/#no_such_element
Build info: version: '4.8.3', revision: 'e5e76298c3'
System info: os.name: 'Windows 11', os.arch: 'amd64', os.version: '10.0', java.version: '17.0.4.1'
Driver info: org.openqa.selenium.chrome.ChromeDriver
Command: [a5f5081a74723eadf51efa2ed55a7846, findElement {using=xpath, value=//a[@href='/tryEditor']}]
Capabilities {acceptInsecureCerts: false, browserName: chrome, browserVersion: 112.0.5615.86, chrome: {chromedriverVersion: 112.0.5615.49 (bd2a7bcb881c..., userDataDir: C:\Users\ramas\AppData\Loca...}, goog:chromeOptions: {debuggerAddress: localhost:58192}, networkConnectionEnabled: false, pageLoadStrategy: normal, platformName: WINDOWS, proxy: Proxy(), se:cdp: ws://localhost:58192/devtoo..., se:cdpVersion: 112.0.5615.86, setWindowRect: true, strictFileInteractability: false, timeouts: {implicit: 0, pageLoad: 300000, script: 30000}, unhandledPromptBehavior: dismiss and notify, webauthn:extension:credBlob: true, webauthn:extension:largeBlob: true, webauthn:extension:minPinLength: true, webauthn:extension:prf: true, webauthn:virtualAuthenticators: true}
Session ID: a5f5081a74723eadf51efa2ed55a7846
at java.base/jdk.internal.reflect.NativeConstructorAccessorImpl.newInstance0(Native Method)
at java.base/jdk.internal.reflect.NativeConstructorAccessorImpl.newInstance(NativeConstructorAccessorImpl.java:77)
at java.base/jdk.internal.reflect.DelegatingConstructorAccessorImpl.newInstance(DelegatingConstructorAccessorImpl.java:45)
at java.base/java.lang.reflect.Constructor.newInstanceWithCaller(Constructor.java:499)
at java.base/java.lang.reflect.Constructor.newInstance(Constructor.java:480)
at org.openqa.selenium.remote.codec.w3c.W3CHttpResponseCodec.createException(W3CHttpResponseCodec.java:200)
at org.openqa.selenium.remote.codec.w3c.W3CHttpResponseCodec.decode(W3CHttpResponseCodec.java:133)
at org.openqa.selenium.remote.codec.w3c.W3CHttpResponseCodec.decode(W3CHttpResponseCodec.java:53)
at org.openqa.selenium.remote.HttpCommandExecutor.execute(HttpCommandExecutor.java:193)
at org.openqa.selenium.remote.service.DriverCommandExecutor.invokeExecute(DriverCommandExecutor.java:183)
at org.openqa.selenium.remote.service.DriverCommandExecutor.execute(DriverCommandExecutor.java:158)
at org.openqa.selenium.remote.RemoteWebDriver.execute(RemoteWebDriver.java:543)
at org.openqa.selenium.remote.ElementLocation$ElementFinder$2.findElement(ElementLocation.java:162)
at org.openqa.selenium.remote.ElementLocation.findElement(ElementLocation.java:60)
at org.openqa.selenium.remote.RemoteWebDriver.findElement(RemoteWebDriver.java:352)
at org.openqa.selenium.remote.RemoteWebDriver.findElement(RemoteWebDriver.java:344)
at org.openqa.selenium.support.pagefactory.DefaultElementLocator.findElement(DefaultElementLocator.java:70)
at org.openqa.selenium.support.pagefactory.internal.LocatingElementHandler.invoke(LocatingElementHandler.java:39)
at jdk.proxy2/jdk.proxy2.$Proxy44.click(Unknown Source)
at com.pages.DataStructure_Page.DSTryHere(DataStructure_Page.java:54)
at stepDefinition.DataStructure_Step.user_clicks_on_try_here_button(DataStructure_Step.java:67)
at ✽.user clicks on TryHere button(file:///C:/Rama/new%20SRS%20work%20space/DsAlgo_Final/src/test/resources/FeatureFiles/8_Tree.feature:282)
]]>
    </error>
  </testcase> <!-- runScenario -->
  <system-out/>
  <testcase classname="runner1.DsAlgoRunner" name="runScenario" time="0.242"/>
  <system-out/>
  <testcase classname="runner1.DsAlgoRunner" name="runScenario" time="0.251"/>
  <system-out/>
  <testcase classname="runner1.DsAlgoRunner" name="runScenario" time="0.392"/>
  <system-out/>
  <testcase classname="runner1.DsAlgoRunner" name="runScenario" time="0.295"/>
  <system-out/>
  <testcase classname="runner1.DsAlgoRunner" name="runScenario" time="2.465"/>
  <system-out/>
</testsuite> <!-- runner1.DsAlgoRunner -->
